2026-04-26 05:15:21.571352 (32687) main____ INFO    ----------------------------------------
2026-04-26 05:15:21.571400 (32687) main____ INFO    Jasper version info
2026-04-26 05:15:21.571409 (32687) main____ INFO      tool      : Jasper 2025.06
2026-04-26 05:15:21.571416 (32687) main____ INFO      version   : 2025.06p002 64 bits
2026-04-26 05:15:21.571421 (32687) main____ INFO      build date: 2025.08.26 14:59:20 UTC
2026-04-26 05:15:21.571426 (32687) main____ INFO    ----------------------------------------
2026-04-26 05:15:21.571429 (32687) main____ INFO    Runtime info:
2026-04-26 05:15:21.571434 (32687) main____ INFO      platform  : Linux 3.10.0-1160.119.1.el7.x86_64 x86_64
2026-04-26 05:15:21.571443 (32687) main____ INFO      hostname  : pc3
2026-04-26 05:15:21.571450 (32687) main____ INFO      pid       : 32687
2026-04-26 05:15:21.571454 (32687) main____ INFO      arguments : '-style' 'windows' 'fpv_setup.tcl'
2026-04-26 05:15:21.571459 (32687) main____ INFO      locale    : ANSI_X3.4-1968
2026-04-26 05:15:21.571463 (32687) main____ INFO    ----------------------------------------
2026-04-26 05:15:21.571466 (32687) main____ INFO    System resource limits info:
2026-04-26 05:15:21.571471 (32687) main____ INFO      virtual memory: unlimited
2026-04-26 05:15:21.571476 (32687) main____ INFO      cpu time      : unlimited
2026-04-26 05:15:21.571483 (32687) main____ INFO      processes     : 4096
2026-04-26 05:15:21.571492 (32687) main____ INFO      stack size    : 8388608 B
2026-04-26 05:15:21.571498 (32687) main____ INFO      core file size: 0 B
2026-04-26 05:15:21.571503 (32687) main____ INFO      open files    : 1024
2026-04-26 05:15:21.571508 (32687) main____ INFO      file size     : unlimited
2026-04-26 05:15:21.571512 (32687) main____ INFO    ----------------------------------------
2026-04-26 05:15:21.571516 (32687) main____ INFO    Memory statistics:
2026-04-26 05:15:21.571520 (32687) main____ INFO      total physical memory  : 16099656 kB
2026-04-26 05:15:21.571525 (32687) main____ INFO      free physical memory   : 227584 kB
2026-04-26 05:15:21.571529 (32687) main____ INFO      committed address space: 23289512 kB
2026-04-26 05:15:21.571533 (32687) main____ INFO    ----------------------------------------
2026-04-26 05:15:21.572186 (32687) main____ INFO    Important environment variables:
2026-04-26 05:15:21.572205 (32687) main____ INFO      CDS_LIC_FILE       : '5280@cadenceserver'
2026-04-26 05:15:21.572212 (32687) main____ INFO      CDS_Netlisting_Mode: 'Analog'
2026-04-26 05:15:21.572217 (32687) main____ INFO      DISPLAY            : ':3'
2026-04-26 05:15:21.572222 (32687) main____ INFO      JASPER_CPU_CHECK   : '1'
2026-04-26 05:15:21.572228 (32687) main____ INFO      JASPER_INSTALL_DIR : '/mnt/cadence_tools/installs/JASPER25'
2026-04-26 05:15:21.572233 (32687) main____ INFO      JASPER_KERNEL_CHECK: '1'
2026-04-26 05:15:21.572238 (32687) main____ INFO      JASPER_OS_CHECK    : '1'
2026-04-26 05:15:21.572243 (32687) main____ INFO      JASPER_PLATFORM    : 'Linux64'
2026-04-26 05:15:21.572248 (32687) main____ INFO      LANG               : 'C'
2026-04-26 05:15:21.572253 (32687) main____ INFO      LM_LICENSE_FILE    : '5280@cadenceserver'
2026-04-26 05:15:21.572257 (32687) main____ INFO    ----------------------------------------
2026-04-26 05:15:21.572320 (32687) lic_core INFO    Initializing license system ...
2026-04-26 05:15:21.577019 (32725) lic_core INFO    [05:15:21.462705] Configured Lic search path (24.01-s003): 5280@cadenceserver
2026-04-26 05:15:21.578607 (32687) lic_core INFO    ... license system initialized.
2026-04-26 05:15:21.578779 (32687) lic__man INFO    Claim 'main' for <ui>.
2026-04-26 05:15:21.578804 (32687) lic_core INFO    (1) checking out 'jasper_interactive' ...
2026-04-26 05:15:21.583156 (32687) lic_core INFO    ... (1) checkout failed (error: -5) ("FLEXnet ERROR(-5, 0, 0): No such feature exists.")
2026-04-26 05:15:21.583180 (32687) lic_core INFO    (2) checking out 'jasper_pint' ...
2026-04-26 05:15:21.592588 (32687) lic_core INFO    ... (2) checkout succeeded
2026-04-26 05:15:21.592636 (32687) lic__man INFO    Claim 'fpv' for <ui>.
2026-04-26 05:15:21.592660 (32687) lic_core INFO    (3) checking out 'jasper_fpv' ...
2026-04-26 05:15:21.596143 (32687) lic_core INFO    ... (3) checkout failed (error: -5) ("FLEXnet ERROR(-5, 0, 0): No such feature exists.")
2026-04-26 05:15:21.596173 (32687) lic_core INFO    (4) checking out 'jasper_fao' ...
2026-04-26 05:15:21.599259 (32687) lic_core INFO    ... (4) checkout failed (error: -5) ("FLEXnet ERROR(-5, 0, 0): No such feature exists.")
2026-04-26 05:15:21.599290 (32687) lic_core INFO    (5) checking out 'jasper_papp' ...
2026-04-26 05:15:21.607621 (32687) lic_core INFO    ... (5) checkout succeeded
2026-04-26 05:15:21.608034 (32687) main____ INFO    Tool inactivity delay is 480000 ms.
2026-04-26 05:15:22.192540 (32687) lic__man INFO    Claim 'fpv' for <ui>.
2026-04-26 05:15:22.453899 (32687) lic__man INFO    Unclaim 'fpv' for <ui>.
2026-04-26 05:15:22.453930 (32687) lic__man INFO    Claim 'fpv' for <ui>.
2026-04-26 05:15:22.457853 (32687) session_ INFO    Starting analysis session with session id 'session_0' (launcher: <local>) ...
2026-04-26 05:15:22.460534 (32687) session_ INFO    Analysis session with session id 'session_0' started (pid: 32737)
2026-04-26 05:15:24.378612 (32687) session_ INFO    Analysis session 'session_0' connected to the console (host: 127.0.0.1:49126)
2026-04-26 05:15:27.702032 (32687) main____ INFO    Releasing console memory by request of analysis session 'session_0'.
2026-04-26 05:15:27.703230 (32687) lic__man INFO    Unclaim everything for 'session_0'.
2026-04-26 05:16:22.050420 (32725) lic_core INFO    [05:16:22.050136] Periodic Lic check successful
2026-04-26 05:16:22.050498 (32725) lic_core INFO      [05:16:22.050216] Feature usage summary:
2026-04-26 05:16:22.050522 (32725) lic_core INFO      [05:16:22.050218] jasper_pint
2026-04-26 05:16:22.050540 (32725) lic_core INFO      [05:16:22.050219] jasper_papp
2026-04-26 05:16:48.095498 (32687) main____ INFO    Releasing console memory by request of analysis session 'session_0'.
2026-04-26 05:16:48.095531 (32687) lic__man INFO    Unclaim everything for 'session_0'.
2026-04-26 05:18:11.441322 (32687) main____ INFO    Releasing console memory by request of analysis session 'session_0'.
2026-04-26 05:18:11.441361 (32687) lic__man INFO    Unclaim everything for 'session_0'.
2026-04-26 05:20:44.520947 (32687) main____ INFO    Releasing console memory by request of analysis session 'session_0'.
2026-04-26 05:20:44.520984 (32687) lic__man INFO    Unclaim everything for 'session_0'.
2026-04-26 05:21:57.363699 (32687) main____ INFO    Releasing console memory by request of analysis session 'session_0'.
2026-04-26 05:21:57.363784 (32687) lic__man INFO    Unclaim everything for 'session_0'.
2026-04-26 05:22:09.704437 (32687) lic__man INFO    Unclaim everything for 'session_0'.
2026-04-26 05:22:29.179778 (32687) lic__man INFO    Claim 'fpv' for 'session_0'.
2026-04-26 05:22:29.179845 (32687) lic__man INFO    Claim 'fpv' for 'session_0/prove-1'.
2026-04-26 05:22:33.212644 (32687) lic__man INFO    Unclaim everything for 'session_0/prove-2'.
2026-04-26 05:22:34.085124 (32687) lic__man INFO    Unclaim everything for 'session_0/prove-1'.
2026-04-26 05:22:35.085349 (32687) lic__man INFO    Unclaim everything for 'session_0/prove-0'.
